[4.781s] DEBUG:colcon:Command line arguments: ['/usr/bin/colcon', 'build']
[4.781s] DEBUG:colcon:Parsed command line arguments: Namespace(log_base=None, log_level=None, verb_name='build', build_base='build', install_base='install', merge_install=False, symlink_install=False, test_result_base=None, continue_on_error=False, executor='parallel', parallel_workers=16, event_handlers=None, ignore_user_meta=False, metas=['./colcon.meta'], base_paths=['.'], packages_ignore=None, packages_ignore_regex=None, paths=None, packages_up_to=None, packages_up_to_regex=None, packages_above=None, packages_above_and_dependencies=None, packages_above_depth=None, packages_select_by_dep=None, packages_skip_by_dep=None, packages_skip_up_to=None, packages_select_build_failed=False, packages_skip_build_finished=False, packages_select_test_failures=False, packages_skip_test_passed=False, packages_select=None, packages_skip=None, packages_select_regex=None, packages_skip_regex=None, packages_start=None, packages_end=None, allow_overriding=[], cmake_args=None, cmake_target=None, cmake_target_skip_unavailable=False, cmake_clean_cache=False, cmake_clean_first=False, cmake_force_configure=False, ament_cmake_args=None, catkin_cmake_args=None, catkin_skip_building_tests=False, verb_parser=<colcon_defaults.argument_parser.defaults.DefaultArgumentsDecorator object at 0x79b8e581ff10>, verb_extension=<colcon_core.verb.build.BuildVerb object at 0x79b8e581f970>, main=<bound method BuildVerb.main of <colcon_core.verb.build.BuildVerb object at 0x79b8e581f970>>)
[7.097s] Level 1:colcon.colcon_core.package_discovery:discover_packages(colcon_meta) check parameters
[7.098s] Level 1:colcon.colcon_core.package_discovery:discover_packages(recursive) check parameters
[7.098s] Level 1:colcon.colcon_core.package_discovery:discover_packages(ignore) check parameters
[7.099s] Level 1:colcon.colcon_core.package_discovery:discover_packages(path) check parameters
[7.099s] Level 1:colcon.colcon_core.package_discovery:discover_packages(colcon_meta) discover
[7.099s] Level 1:colcon.colcon_core.package_discovery:discover_packages(recursive) discover
[7.107s] INFO:colcon.colcon_core.package_discovery:Crawling recursively for packages in '/home/hannac4/UIUC-ECE-484-MP-Redesign/src/mp2/src'
[7.108s] Level 1:colcon.colcon_core.package_identification:_identify(.) by extensions ['ignore', 'ignore_ament_install']
[7.108s] Level 1:colcon.colcon_core.package_identification:_identify(.) by extension 'ignore'
[7.109s] Level 1:colcon.colcon_core.package_identification:_identify(.) by extension 'ignore_ament_install'
[7.109s] Level 1:colcon.colcon_core.package_identification:_identify(.) by extensions ['colcon_pkg']
[7.109s] Level 1:colcon.colcon_core.package_identification:_identify(.) by extension 'colcon_pkg'
[7.109s] Level 1:colcon.colcon_core.package_identification:_identify(.) by extensions ['colcon_meta']
[7.109s] Level 1:colcon.colcon_core.package_identification:_identify(.) by extension 'colcon_meta'
[7.109s] Level 1:colcon.colcon_core.package_identification:_identify(.) by extensions ['ros']
[7.109s] Level 1:colcon.colcon_core.package_identification:_identify(.) by extension 'ros'
[7.239s] Level 1:colcon.colcon_core.package_identification:_identify(.) by extensions ['cmake', 'python']
[7.240s] Level 1:colcon.colcon_core.package_identification:_identify(.) by extension 'cmake'
[7.240s] Level 1:colcon.colcon_core.package_identification:_identify(.) by extension 'python'
[7.242s] Level 1:colcon.colcon_core.package_identification:_identify(.) by extensions ['python_setup_py']
[7.243s] Level 1:colcon.colcon_core.package_identification:_identify(.) by extension 'python_setup_py'
[7.245s] Level 1:colcon.colcon_core.package_identification:_identify(__pycache__) by extensions ['ignore', 'ignore_ament_install']
[7.245s] Level 1:colcon.colcon_core.package_identification:_identify(__pycache__) by extension 'ignore'
[7.246s] Level 1:colcon.colcon_core.package_identification:_identify(__pycache__) by extension 'ignore_ament_install'
[7.246s] Level 1:colcon.colcon_core.package_identification:_identify(__pycache__) by extensions ['colcon_pkg']
[7.247s] Level 1:colcon.colcon_core.package_identification:_identify(__pycache__) by extension 'colcon_pkg'
[7.247s] Level 1:colcon.colcon_core.package_identification:_identify(__pycache__) by extensions ['colcon_meta']
[7.253s] Level 1:colcon.colcon_core.package_identification:_identify(__pycache__) by extension 'colcon_meta'
[7.254s] Level 1:colcon.colcon_core.package_identification:_identify(__pycache__) by extensions ['ros']
[7.254s] Level 1:colcon.colcon_core.package_identification:_identify(__pycache__) by extension 'ros'
[7.255s] Level 1:colcon.colcon_core.package_identification:_identify(__pycache__) by extensions ['cmake', 'python']
[7.255s] Level 1:colcon.colcon_core.package_identification:_identify(__pycache__) by extension 'cmake'
[7.255s] Level 1:colcon.colcon_core.package_identification:_identify(__pycache__) by extension 'python'
[7.256s] Level 1:colcon.colcon_core.package_identification:_identify(__pycache__) by extensions ['python_setup_py']
[7.256s] Level 1:colcon.colcon_core.package_identification:_identify(__pycache__) by extension 'python_setup_py'
[7.256s] Level 1:colcon.colcon_core.package_identification:_identify(build) by extensions ['ignore', 'ignore_ament_install']
[7.257s] Level 1:colcon.colcon_core.package_identification:_identify(build) by extension 'ignore'
[7.257s] Level 1:colcon.colcon_core.package_identification:_identify(build) ignored
[7.258s] Level 1:colcon.colcon_core.package_identification:_identify(install) by extensions ['ignore', 'ignore_ament_install']
[7.258s] Level 1:colcon.colcon_core.package_identification:_identify(install) by extension 'ignore'
[7.258s] Level 1:colcon.colcon_core.package_identification:_identify(install) ignored
[7.259s] Level 1:colcon.colcon_core.package_identification:_identify(log) by extensions ['ignore', 'ignore_ament_install']
[7.259s] Level 1:colcon.colcon_core.package_identification:_identify(log) by extension 'ignore'
[7.260s] Level 1:colcon.colcon_core.package_identification:_identify(log) ignored
[7.260s] Level 1:colcon.colcon_core.package_discovery:discover_packages(recursive) using defaults
[7.260s] Level 1:colcon.colcon_core.package_discovery:discover_packages(ignore) discover
[7.260s] Level 1:colcon.colcon_core.package_discovery:discover_packages(ignore) using defaults
[7.260s] Level 1:colcon.colcon_core.package_discovery:discover_packages(path) discover
[7.260s] Level 1:colcon.colcon_core.package_discovery:discover_packages(path) using defaults
[7.562s] Level 1:colcon.colcon_core.package_discovery:discover_packages(prefix_path) check parameters
[7.562s] Level 1:colcon.colcon_core.package_discovery:discover_packages(prefix_path) discover
[7.606s] DEBUG:colcon.colcon_installed_package_information.package_discovery:Found 323 installed packages in /opt/ros/humble
[7.635s] Level 1:colcon.colcon_core.package_discovery:discover_packages(prefix_path) using defaults
[8.362s] INFO:colcon.colcon_core.executor:Executing jobs using 'parallel' executor
[8.382s] DEBUG:colcon.colcon_parallel_executor.executor.parallel:run_until_complete
[8.382s] DEBUG:colcon.colcon_parallel_executor.executor.parallel:closing loop
[8.382s] DEBUG:colcon.colcon_parallel_executor.executor.parallel:loop closed
[8.383s] DEBUG:colcon.colcon_parallel_executor.executor.parallel:run_until_complete finished with '0'
[8.383s] DEBUG:colcon.colcon_core.event_reactor:joining thread
[9.757s] INFO:colcon.colcon_core.plugin_system:Skipping extension 'colcon_notification.desktop_notification.notify_send': Could not find 'notify-send'
[9.758s] INFO:colcon.colcon_core.plugin_system:Skipping extension 'colcon_notification.desktop_notification.terminal_notifier': Not used on non-Darwin systems
[9.758s] INFO:colcon.colcon_core.plugin_system:Skipping extension 'colcon_notification.desktop_notification.win32': Not used on non-Windows systems
[9.758s] INFO:colcon.colcon_notification.desktop_notification:Sending desktop notification using 'notify2'
[9.759s] DEBUG:colcon.colcon_notification.desktop_notification.notify2:Failed to initialize notify2: org.freedesktop.DBus.Error.FileNotFound: Failed to connect to socket /run/user/1000/bus: No such file or directory
[9.779s] DEBUG:colcon.colcon_core.event_reactor:joined thread
[9.820s] INFO:colcon.colcon_core.plugin_system:Skipping extension 'colcon_core.shell.bat': Not used on non-Windows systems
[9.821s] INFO:colcon.colcon_core.shell:Creating prefix script '/home/hannac4/UIUC-ECE-484-MP-Redesign/src/mp2/src/install/local_setup.ps1'
[9.837s] INFO:colcon.colcon_core.shell:Creating prefix util module '/home/hannac4/UIUC-ECE-484-MP-Redesign/src/mp2/src/install/_local_setup_util_ps1.py'
[9.855s] INFO:colcon.colcon_core.shell:Creating prefix chain script '/home/hannac4/UIUC-ECE-484-MP-Redesign/src/mp2/src/install/setup.ps1'
[9.869s] INFO:colcon.colcon_core.shell:Creating prefix script '/home/hannac4/UIUC-ECE-484-MP-Redesign/src/mp2/src/install/local_setup.sh'
[9.884s] INFO:colcon.colcon_core.shell:Creating prefix util module '/home/hannac4/UIUC-ECE-484-MP-Redesign/src/mp2/src/install/_local_setup_util_sh.py'
[9.893s] INFO:colcon.colcon_core.shell:Creating prefix chain script '/home/hannac4/UIUC-ECE-484-MP-Redesign/src/mp2/src/install/setup.sh'
[9.902s] INFO:colcon.colcon_core.shell:Creating prefix script '/home/hannac4/UIUC-ECE-484-MP-Redesign/src/mp2/src/install/local_setup.bash'
[9.905s] INFO:colcon.colcon_core.shell:Creating prefix chain script '/home/hannac4/UIUC-ECE-484-MP-Redesign/src/mp2/src/install/setup.bash'
[9.921s] INFO:colcon.colcon_core.shell:Creating prefix script '/home/hannac4/UIUC-ECE-484-MP-Redesign/src/mp2/src/install/local_setup.zsh'
[9.932s] INFO:colcon.colcon_core.shell:Creating prefix chain script '/home/hannac4/UIUC-ECE-484-MP-Redesign/src/mp2/src/install/setup.zsh'
